<?xml version="1.0" encoding="UTF-8"?>
<!-- Generated by org.testng.reporters.JUnitReportReporter -->
<testsuite hostname="Gautam-PC" failures="0" tests="1" name="com.llbean.theinternet.PositiveTests" time="7.017" errors="0" timestamp="2020-04-04T14:26:06 EDT" skipped="0">
  <testcase classname="com.llbean.theinternet.PositiveTests" name="loginTest" time="7.017"/>
  <system-out/>
</testsuite> <!-- com.llbean.theinternet.PositiveTests -->
